[INFO ] 2022-03-21 09:39:19.510 [main] BaseTest - starting Appium..........
[INFO ] 2022-03-21 09:39:35.147 [main] BaseTest - initialize driver..........
[INFO ] 2022-03-21 09:40:20.372 [main] AddtextPage - click on Text
[INFO ] 2022-03-21 09:40:22.611 [main] AddtextPage - click on Log Text
[INFO ] 2022-03-21 09:40:25.891 [main] AddtextPage - screen title checking......... 
[INFO ] 2022-03-21 09:40:26.215 [main] AddtextPage - click on Add
[INFO ] 2022-03-21 09:40:26.657 [main] AddtextPage - checking added text......... 
[INFO ] 2022-03-21 09:40:27.578 [main] BaseTest - closing driver........
[INFO ] 2022-03-21 09:40:28.126 [main] BaseTest - closing Appium............
[INFO ] 2022-03-21 09:40:28.229 [main] BaseTest - starting Appium..........
[INFO ] 2022-03-21 09:40:33.129 [main] BaseTest - initialize driver..........
[INFO ] 2022-03-21 09:40:56.144 [main] DisplayoptionPage - click on Apps
[INFO ] 2022-03-21 09:40:58.833 [main] DisplayoptionPage - click on Action Bar
[INFO ] 2022-03-21 09:41:01.675 [main] DisplayoptionPage - click on Display Options
[INFO ] 2022-03-21 09:41:03.318 [main] DisplayoptionPage - click on Show Title
[INFO ] 2022-03-21 09:41:04.996 [main] DisplayoptionPage - click on Show Title
[INFO ] 2022-03-21 09:41:05.998 [main] DisplayoptionPage - screen title checking......... 
[INFO ] 2022-03-21 09:41:07.474 [main] BaseTest - closing driver........
[INFO ] 2022-03-21 09:41:07.923 [main] BaseTest - closing Appium............
[INFO ] 2022-03-21 09:41:08.014 [main] BaseTest - starting Appium..........
[INFO ] 2022-03-21 09:41:12.953 [main] BaseTest - initialize driver..........
[INFO ] 2022-03-21 09:41:33.608 [main] AnimationPage - click on the Animation button
[INFO ] 2022-03-21 09:41:35.240 [main] AnimationPage - click on Hide-Show Animation button 
[INFO ] 2022-03-21 09:41:38.732 [main] AnimationPage - screen title checking......... 
[INFO ] 2022-03-21 09:41:39.113 [main] AnimationPage - click on buttons to hide
[INFO ] 2022-03-21 09:41:39.910 [main] AnimationPage - extracting the buttons title
[INFO ] 2022-03-21 09:41:40.513 [main] AnimationPage - extracting the buttons title
[INFO ] 2022-03-21 09:41:40.918 [main] BaseTest - closing driver........
[INFO ] 2022-03-21 09:41:41.247 [main] BaseTest - closing Appium............
[INFO ] 2022-03-21 09:41:41.334 [main] BaseTest - starting Appium..........
[INFO ] 2022-03-21 09:41:46.321 [main] BaseTest - initialize driver..........
[INFO ] 2022-03-21 09:42:04.657 [main] ImageviewerPage - click on Views
[INFO ] 2022-03-21 09:42:07.777 [main] ImageviewerPage - Scroll vertically........
[INFO ] 2022-03-21 09:42:12.857 [main] ImageviewerPage - click on Image Viewer
[INFO ] 2022-03-21 09:42:13.324 [main] ImageviewerPage - screen title checking......... 
[INFO ] 2022-03-21 09:42:15.292 [main] ImageviewerPage - checking  large image visibility...........
[INFO ] 2022-03-21 09:42:15.840 [main] ImageviewerPage - checking  small image visibility...........
[INFO ] 2022-03-21 09:42:16.193 [main] BaseTest - closing driver........
[INFO ] 2022-03-21 09:42:16.762 [main] BaseTest - closing Appium............
[INFO ] 2022-03-21 09:42:16.854 [main] BaseTest - starting Appium..........
[INFO ] 2022-03-21 09:42:21.823 [main] BaseTest - initialize driver..........
[INFO ] 2022-03-21 09:42:44.103 [main] AnimationPage - click on the Animation button
[INFO ] 2022-03-21 09:42:47.412 [main] AnimationPage - click on Hide-Show Animation button 
[INFO ] 2022-03-21 09:42:48.261 [main] AnimationPage - screen title checking......... 
[INFO ] 2022-03-21 09:42:49.969 [main] AnimationPage - click on buttons to hide
[INFO ] 2022-03-21 09:42:50.549 [main] AnimationPage - Click on Show button 
[INFO ] 2022-03-21 09:42:51.155 [main] AnimationPage - check the 1st button visibility
[INFO ] 2022-03-21 09:42:52.101 [main] AnimationPage - Check the 2nd button visibility
[INFO ] 2022-03-21 09:42:52.374 [main] BaseTest - closing driver........
[INFO ] 2022-03-21 09:42:52.699 [main] BaseTest - closing Appium............
